{
  "stats": {
    "suites": 1,
    "tests": 1,
    "passes": 1,
    "pending": 0,
    "failures": 0,
    "start": "2022-06-22T00:39:15.104Z",
    "end": "2022-06-22T00:39:18.832Z",
    "duration": 3728,
    "testsRegistered": 1,
    "passPercent": 100,
    "pendingPercent": 0,
    "other": 0,
    "hasOther": false,
    "skipped": 0,
    "hasSkipped": false
  },
  "results": [
    {
      "uuid": "512c02c3-0d59-4c21-b4b4-842544704275",
      "title": "",
      "fullFile": "cypress/integration/deneme/day06/drag_and_drops.js",
      "file": "cypress/integration/deneme/day06/drag_and_drops.js",
      "beforeHooks": [],
      "afterHooks": [],
      "tests": [],
      "suites": [
        {
          "uuid": "e7cc82e0-8b4e-48bd-adf5-1ce8681e833b",
          "title": "drag and drops",
          "fullFile": "",
          "file": "",
          "beforeHooks": [],
          "afterHooks": [],
          "tests": [
            {
              "title": "drag and drop test",
              "fullTitle": "drag and drops drag and drop test",
              "timedOut": null,
              "duration": 1399,
              "state": "passed",
              "speed": "fast",
              "pass": true,
              "fail": false,
              "pending": false,
              "context": null,
              "code": "cy.visit('https://webdriveruniversity.com/Actions/index.html');\nconst dataTransfer = new DataTransfer();\ncy.get('#draggable').trigger('dragstart', {\n  dataTransfer\n});\ncy.get('#droppable').trigger('drop', {\n  dataTransfer\n});",
              "err": {},
              "uuid": "0113dc72-f3bf-46f3-ada1-845eb295294c",
              "parentUUID": "e7cc82e0-8b4e-48bd-adf5-1ce8681e833b",
              "isHook": false,
              "skipped": false
            }
          ],
          "suites": [],
          "passes": [
            "0113dc72-f3bf-46f3-ada1-845eb295294c"
          ],
          "failures": [],
          "pending": [],
          "skipped": [],
          "duration": 1399,
          "root": false,
          "rootEmpty": false,
          "_timeout": 2000
        }
      ],
      "passes": [],
      "failures": [],
      "pending": [],
      "skipped": [],
      "duration": 0,
      "root": true,
      "rootEmpty": true,
      "_timeout": 2000
    }
  ],
  "meta": {
    "mocha": {
      "version": "7.0.1"
    },
    "mochawesome": {
      "options": {
        "quiet": false,
        "reportFilename": "report",
        "saveHtml": true,
        "saveJson": true,
        "consoleReporter": "spec",
        "useInlineDiffs": false,
        "code": true
      },
      "version": "7.1.3"
    },
    "marge": {
      "options": {
        "reportDir": "cypress/reports",
        "reportFilename": "report",
        "overwrite": false,
        "html": true,
        "json": true,
        "charts": true
      },
      "version": "6.2.0"
    }
  }
}