{
  "stats": {
    "suites": 1,
    "tests": 1,
    "passes": 1,
    "pending": 0,
    "failures": 0,
    "start": "2022-06-22T00:38:58.745Z",
    "end": "2022-06-22T00:39:12.289Z",
    "duration": 13544,
    "testsRegistered": 1,
    "passPercent": 100,
    "pendingPercent": 0,
    "other": 0,
    "hasOther": false,
    "skipped": 0,
    "hasSkipped": false
  },
  "results": [
    {
      "uuid": "b50bfeb5-d86e-46d9-afda-bb86b162ccd2",
      "title": "",
      "fullFile": "cypress/integration/deneme/day06/customLogin.cy.js",
      "file": "cypress/integration/deneme/day06/customLogin.cy.js",
      "beforeHooks": [],
      "afterHooks": [],
      "tests": [],
      "suites": [
        {
          "uuid": "29185efe-14fe-43ce-bcc1-893e2d1cf2dc",
          "title": "custom methods",
          "fullFile": "",
          "file": "",
          "beforeHooks": [],
          "afterHooks": [],
          "tests": [
            {
              "title": "Login",
              "fullTitle": "custom methods Login",
              "timedOut": null,
              "duration": 10446,
              "state": "passed",
              "speed": "slow",
              "pass": true,
              "fail": false,
              "pending": false,
              "context": null,
              "code": "//login custom method that is inside command.js \n//when we add a function in command.js it will be accesable in the entire framework\ncy.login('cdef!@gmail.com', '12345');",
              "err": {},
              "uuid": "5df33267-d729-4df0-b134-31c831f11ec6",
              "parentUUID": "29185efe-14fe-43ce-bcc1-893e2d1cf2dc",
              "isHook": false,
              "skipped": false
            }
          ],
          "suites": [],
          "passes": [
            "5df33267-d729-4df0-b134-31c831f11ec6"
          ],
          "failures": [],
          "pending": [],
          "skipped": [],
          "duration": 10446,
          "root": false,
          "rootEmpty": false,
          "_timeout": 2000
        }
      ],
      "passes": [],
      "failures": [],
      "pending": [],
      "skipped": [],
      "duration": 0,
      "root": true,
      "rootEmpty": true,
      "_timeout": 2000
    }
  ],
  "meta": {
    "mocha": {
      "version": "7.0.1"
    },
    "mochawesome": {
      "options": {
        "quiet": false,
        "reportFilename": "report",
        "saveHtml": true,
        "saveJson": true,
        "consoleReporter": "spec",
        "useInlineDiffs": false,
        "code": true
      },
      "version": "7.1.3"
    },
    "marge": {
      "options": {
        "reportDir": "cypress/reports",
        "reportFilename": "report",
        "overwrite": false,
        "html": true,
        "json": true,
        "charts": true
      },
      "version": "6.2.0"
    }
  }
}